[2023-07-24 16:52:26] local.ERROR: There are no commands defined in the "jetstream" namespace. {"exception":"[object] (Symfony\\Component\\Console\\Exception\\NamespaceNotFoundException(code: 0): There are no commands defined in the \"jetstream\" namespace. at C:\\Users\\mrgab\\Desktop\\New folder\\frontier\\vendor\\symfony\\console\\Application.php:657)
[stacktrace]
#0 C:\\Users\\mrgab\\Desktop\\New folder\\frontier\\vendor\\symfony\\console\\Application.php(708): Symfony\\Component\\Console\\Application->findNamespace()
#1 C:\\Users\\mrgab\\Desktop\\New folder\\frontier\\vendor\\symfony\\console\\Application.php(262): Symfony\\Component\\Console\\Application->find()
#2 C:\\Users\\mrgab\\Desktop\\New folder\\frontier\\vendor\\symfony\\console\\Application.php(174): Symfony\\Component\\Console\\Application->doRun()
#3 C:\\Users\\mrgab\\Desktop\\New folder\\frontier\\vendor\\laravel\\framework\\src\\Illuminate\\Foundation\\Console\\Kernel.php(201): Symfony\\Component\\Console\\Application->run()
#4 C:\\Users\\mrgab\\Desktop\\New folder\\frontier\\artisan(37): Illuminate\\Foundation\\Console\\Kernel->handle()
#5 {main}
"} 
[2023-07-24 16:54:04] local.ERROR: SQLSTATE[HY000] [1045] Access denied for user 'root'@'localhost' (using password: NO) (Connection: mysql, SQL: select * from information_schema.tables where table_schema = frontier and table_name = migrations and table_type = 'BASE TABLE') {"exception":"[object] (Illuminate\\Database\\QueryException(code: 1045): SQLSTATE[HY000] [1045] Access denied for user 'root'@'localhost' (using password: NO) (Connection: mysql, SQL: select * from information_schema.tables where table_schema = frontier and table_name = migrations and table_type = 'BASE TABLE') at C:\\Users\\mrgab\\Desktop\\New folder\\frontier\\vendor\\laravel\\framework\\src\\Illuminate\\Database\\Connection.php:795)
[stacktrace]
#0 C:\\Users\\mrgab\\Desktop\\New folder\\frontier\\vendor\\laravel\\framework\\src\\Illuminate\\Database\\Connection.php(755): Illuminate\\Database\\Connection->runQueryCallback()
#1 C:\\Users\\mrgab\\Desktop\\New folder\\frontier\\vendor\\laravel\\framework\\src\\Illuminate\\Database\\Connection.php(424): Illuminate\\Database\\Connection->run()
#2 C:\\Users\\mrgab\\Desktop\\New folder\\frontier\\vendor\\laravel\\framework\\src\\Illuminate\\Database\\Connection.php(394): Illuminate\\Database\\Connection->select()
#3 C:\\Users\\mrgab\\Desktop\\New folder\\frontier\\vendor\\laravel\\framework\\src\\Illuminate\\Database\\Schema\\MySqlBuilder.php(44): Illuminate\\Database\\Connection->selectFromWriteConnection()
#4 C:\\Users\\mrgab\\Desktop\\New folder\\frontier\\vendor\\laravel\\framework\\src\\Illuminate\\Database\\Migrations\\DatabaseMigrationRepository.php(184): Illuminate\\Database\\Schema\\MySqlBuilder->hasTable()
#5 C:\\Users\\mrgab\\Desktop\\New folder\\frontier\\vendor\\laravel\\framework\\src\\Illuminate\\Database\\Migrations\\Migrator.php(700): Illuminate\\Database\\Migrations\\DatabaseMigrationRepository->repositoryExists()
#6 C:\\Users\\mrgab\\Desktop\\New folder\\frontier\\vendor\\laravel\\framework\\src\\Illuminate\\Database\\Console\\Migrations\\MigrateCommand.php(138): Illuminate\\Database\\Migrations\\Migrator->repositoryExists()
#7 C:\\Users\\mrgab\\Desktop\\New folder\\frontier\\vendor\\laravel\\framework\\src\\Illuminate\\Support\\helpers.php(248): Illuminate\\Database\\Console\\Migrations\\MigrateCommand->Illuminate\\Database\\Console\\Migrations\\{closure}()
#8 C:\\Users\\mrgab\\Desktop\\New folder\\frontier\\vendor\\laravel\\framework\\src\\Illuminate\\Database\\Console\\Migrations\\MigrateCommand.php(157): retry()
#9 C:\\Users\\mrgab\\Desktop\\New folder\\frontier\\vendor\\laravel\\framework\\src\\Illuminate\\Database\\Console\\Migrations\\MigrateCommand.php(114): Illuminate\\Database\\Console\\Migrations\\MigrateCommand->repositoryExists()
#10 C:\\Users\\mrgab\\Desktop\\New folder\\frontier\\vendor\\laravel\\framework\\src\\Illuminate\\Database\\Console\\Migrations\\MigrateCommand.php(82): Illuminate\\Database\\Console\\Migrations\\MigrateCommand->prepareDatabase()
#11 C:\\Users\\mrgab\\Desktop\\New folder\\frontier\\vendor\\laravel\\framework\\src\\Illuminate\\Database\\Migrations\\Migrator.php(633): Illuminate\\Database\\Console\\Migrations\\MigrateCommand->Illuminate\\Database\\Console\\Migrations\\{closure}()
#12 C:\\Users\\mrgab\\Desktop\\New folder\\frontier\\vendor\\laravel\\framework\\src\\Illuminate\\Database\\Console\\Migrations\\MigrateCommand.php(102): Illuminate\\Database\\Migrations\\Migrator->usingConnection()
#13 C:\\Users\\mrgab\\Desktop\\New folder\\frontier\\vendor\\laravel\\framework\\src\\Illuminate\\Container\\BoundMethod.php(36): Illuminate\\Database\\Console\\Migrations\\MigrateCommand->handle()
#14 C:\\Users\\mrgab\\Desktop\\New folder\\frontier\\vendor\\laravel\\framework\\src\\Illuminate\\Container\\Util.php(41): Illuminate\\Container\\BoundMethod::Illuminate\\Container\\{closure}()
#15 C:\\Users\\mrgab\\Desktop\\New folder\\frontier\\vendor\\laravel\\framework\\src\\Illuminate\\Container\\BoundMethod.php(93): Illuminate\\Container\\Util::unwrapIfClosure()
#16 C:\\Users\\mrgab\\Desktop\\New folder\\frontier\\vendor\\laravel\\framework\\src\\Illuminate\\Container\\BoundMethod.php(37): Illuminate\\Container\\BoundMethod::callBoundMethod()
#17 C:\\Users\\mrgab\\Desktop\\New folder\\frontier\\vendor\\laravel\\framework\\src\\Illuminate\\Container\\Container.php(662): Illuminate\\Container\\BoundMethod::call()
#18 C:\\Users\\mrgab\\Desktop\\New folder\\frontier\\vendor\\laravel\\framework\\src\\Illuminate\\Console\\Command.php(208): Illuminate\\Container\\Container->call()
#19 C:\\Users\\mrgab\\Desktop\\New folder\\frontier\\vendor\\symfony\\console\\Command\\Command.php(326): Illuminate\\Console\\Command->execute()
#20 C:\\Users\\mrgab\\Desktop\\New folder\\frontier\\vendor\\laravel\\framework\\src\\Illuminate\\Console\\Command.php(178): Symfony\\Component\\Console\\Command\\Command->run()
#21 C:\\Users\\mrgab\\Desktop\\New folder\\frontier\\vendor\\symfony\\console\\Application.php(1081): Illuminate\\Console\\Command->run()
#22 C:\\Users\\mrgab\\Desktop\\New folder\\frontier\\vendor\\symfony\\console\\Application.php(320): Symfony\\Component\\Console\\Application->doRunCommand()
#23 C:\\Users\\mrgab\\Desktop\\New folder\\frontier\\vendor\\symfony\\console\\Application.php(174): Symfony\\Component\\Console\\Application->doRun()
#24 C:\\Users\\mrgab\\Desktop\\New folder\\frontier\\vendor\\laravel\\framework\\src\\Illuminate\\Foundation\\Console\\Kernel.php(201): Symfony\\Component\\Console\\Application->run()
#25 C:\\Users\\mrgab\\Desktop\\New folder\\frontier\\artisan(37): Illuminate\\Foundation\\Console\\Kernel->handle()
#26 {main}

[previous exception] [object] (PDOException(code: 1045): SQLSTATE[HY000] [1045] Access denied for user 'root'@'localhost' (using password: NO) at C:\\Users\\mrgab\\Desktop\\New folder\\frontier\\vendor\\laravel\\framework\\src\\Illuminate\\Database\\Connectors\\Connector.php:65)
[stacktrace]
#0 C:\\Users\\mrgab\\Desktop\\New folder\\frontier\\vendor\\laravel\\framework\\src\\Illuminate\\Database\\Connectors\\Connector.php(65): PDO->__construct()
#1 C:\\Users\\mrgab\\Desktop\\New folder\\frontier\\vendor\\laravel\\framework\\src\\Illuminate\\Database\\Connectors\\Connector.php(45): Illuminate\\Database\\Connectors\\Connector->createPdoConnection()
#2 C:\\Users\\mrgab\\Desktop\\New folder\\frontier\\vendor\\laravel\\framework\\src\\Illuminate\\Database\\Connectors\\MySqlConnector.php(24): Illuminate\\Database\\Connectors\\Connector->createConnection()
#3 C:\\Users\\mrgab\\Desktop\\New folder\\frontier\\vendor\\laravel\\framework\\src\\Illuminate\\Database\\Connectors\\ConnectionFactory.php(184): Illuminate\\Database\\Connectors\\MySqlConnector->connect()
#4 [internal function]: Illuminate\\Database\\Connectors\\ConnectionFactory->Illuminate\\Database\\Connectors\\{closure}()
#5 C:\\Users\\mrgab\\Desktop\\New folder\\frontier\\vendor\\laravel\\framework\\src\\Illuminate\\Database\\Connection.php(1275): call_user_func()
#6 C:\\Users\\mrgab\\Desktop\\New folder\\frontier\\vendor\\laravel\\framework\\src\\Illuminate\\Database\\Connection.php(521): Illuminate\\Database\\Connection->getPdo()
#7 C:\\Users\\mrgab\\Desktop\\New folder\\frontier\\vendor\\laravel\\framework\\src\\Illuminate\\Database\\Connection.php(416): Illuminate\\Database\\Connection->getPdoForSelect()
#8 C:\\Users\\mrgab\\Desktop\\New folder\\frontier\\vendor\\laravel\\framework\\src\\Illuminate\\Database\\Connection.php(788): Illuminate\\Database\\Connection->Illuminate\\Database\\{closure}()
#9 C:\\Users\\mrgab\\Desktop\\New folder\\frontier\\vendor\\laravel\\framework\\src\\Illuminate\\Database\\Connection.php(755): Illuminate\\Database\\Connection->runQueryCallback()
#10 C:\\Users\\mrgab\\Desktop\\New folder\\frontier\\vendor\\laravel\\framework\\src\\Illuminate\\Database\\Connection.php(424): Illuminate\\Database\\Connection->run()
#11 C:\\Users\\mrgab\\Desktop\\New folder\\frontier\\vendor\\laravel\\framework\\src\\Illuminate\\Database\\Connection.php(394): Illuminate\\Database\\Connection->select()
#12 C:\\Users\\mrgab\\Desktop\\New folder\\frontier\\vendor\\laravel\\framework\\src\\Illuminate\\Database\\Schema\\MySqlBuilder.php(44): Illuminate\\Database\\Connection->selectFromWriteConnection()
#13 C:\\Users\\mrgab\\Desktop\\New folder\\frontier\\vendor\\laravel\\framework\\src\\Illuminate\\Database\\Migrations\\DatabaseMigrationRepository.php(184): Illuminate\\Database\\Schema\\MySqlBuilder->hasTable()
#14 C:\\Users\\mrgab\\Desktop\\New folder\\frontier\\vendor\\laravel\\framework\\src\\Illuminate\\Database\\Migrations\\Migrator.php(700): Illuminate\\Database\\Migrations\\DatabaseMigrationRepository->repositoryExists()
#15 C:\\Users\\mrgab\\Desktop\\New folder\\frontier\\vendor\\laravel\\framework\\src\\Illuminate\\Database\\Console\\Migrations\\MigrateCommand.php(138): Illuminate\\Database\\Migrations\\Migrator->repositoryExists()
#16 C:\\Users\\mrgab\\Desktop\\New folder\\frontier\\vendor\\laravel\\framework\\src\\Illuminate\\Support\\helpers.php(248): Illuminate\\Database\\Console\\Migrations\\MigrateCommand->Illuminate\\Database\\Console\\Migrations\\{closure}()
#17 C:\\Users\\mrgab\\Desktop\\New folder\\frontier\\vendor\\laravel\\framework\\src\\Illuminate\\Database\\Console\\Migrations\\MigrateCommand.php(157): retry()
#18 C:\\Users\\mrgab\\Desktop\\New folder\\frontier\\vendor\\laravel\\framework\\src\\Illuminate\\Database\\Console\\Migrations\\MigrateCommand.php(114): Illuminate\\Database\\Console\\Migrations\\MigrateCommand->repositoryExists()
#19 C:\\Users\\mrgab\\Desktop\\New folder\\frontier\\vendor\\laravel\\framework\\src\\Illuminate\\Database\\Console\\Migrations\\MigrateCommand.php(82): Illuminate\\Database\\Console\\Migrations\\MigrateCommand->prepareDatabase()
#20 C:\\Users\\mrgab\\Desktop\\New folder\\frontier\\vendor\\laravel\\framework\\src\\Illuminate\\Database\\Migrations\\Migrator.php(633): Illuminate\\Database\\Console\\Migrations\\MigrateCommand->Illuminate\\Database\\Console\\Migrations\\{closure}()
#21 C:\\Users\\mrgab\\Desktop\\New folder\\frontier\\vendor\\laravel\\framework\\src\\Illuminate\\Database\\Console\\Migrations\\MigrateCommand.php(102): Illuminate\\Database\\Migrations\\Migrator->usingConnection()
#22 C:\\Users\\mrgab\\Desktop\\New folder\\frontier\\vendor\\laravel\\framework\\src\\Illuminate\\Container\\BoundMethod.php(36): Illuminate\\Database\\Console\\Migrations\\MigrateCommand->handle()
#23 C:\\Users\\mrgab\\Desktop\\New folder\\frontier\\vendor\\laravel\\framework\\src\\Illuminate\\Container\\Util.php(41): Illuminate\\Container\\BoundMethod::Illuminate\\Container\\{closure}()
#24 C:\\Users\\mrgab\\Desktop\\New folder\\frontier\\vendor\\laravel\\framework\\src\\Illuminate\\Container\\BoundMethod.php(93): Illuminate\\Container\\Util::unwrapIfClosure()
#25 C:\\Users\\mrgab\\Desktop\\New folder\\frontier\\vendor\\laravel\\framework\\src\\Illuminate\\Container\\BoundMethod.php(37): Illuminate\\Container\\BoundMethod::callBoundMethod()
#26 C:\\Users\\mrgab\\Desktop\\New folder\\frontier\\vendor\\laravel\\framework\\src\\Illuminate\\Container\\Container.php(662): Illuminate\\Container\\BoundMethod::call()
#27 C:\\Users\\mrgab\\Desktop\\New folder\\frontier\\vendor\\laravel\\framework\\src\\Illuminate\\Console\\Command.php(208): Illuminate\\Container\\Container->call()
#28 C:\\Users\\mrgab\\Desktop\\New folder\\frontier\\vendor\\symfony\\console\\Command\\Command.php(326): Illuminate\\Console\\Command->execute()
#29 C:\\Users\\mrgab\\Desktop\\New folder\\frontier\\vendor\\laravel\\framework\\src\\Illuminate\\Console\\Command.php(178): Symfony\\Component\\Console\\Command\\Command->run()
#30 C:\\Users\\mrgab\\Desktop\\New folder\\frontier\\vendor\\symfony\\console\\Application.php(1081): Illuminate\\Console\\Command->run()
#31 C:\\Users\\mrgab\\Desktop\\New folder\\frontier\\vendor\\symfony\\console\\Application.php(320): Symfony\\Component\\Console\\Application->doRunCommand()
#32 C:\\Users\\mrgab\\Desktop\\New folder\\frontier\\vendor\\symfony\\console\\Application.php(174): Symfony\\Component\\Console\\Application->doRun()
#33 C:\\Users\\mrgab\\Desktop\\New folder\\frontier\\vendor\\laravel\\framework\\src\\Illuminate\\Foundation\\Console\\Kernel.php(201): Symfony\\Component\\Console\\Application->run()
#34 C:\\Users\\mrgab\\Desktop\\New folder\\frontier\\artisan(37): Illuminate\\Foundation\\Console\\Kernel->handle()
#35 {main}
"} 
